{"D:\\practice\\TYPESCRIPTS\\sample\\src\\v1\\core\\MongoDB.ts": {"path":"D:\\practice\\TYPESCRIPTS\\sample\\src\\v1\\core\\MongoDB.ts","statementMap":{"0":{"start":{"line":1,"column":0},"end":{"line":1,"column":48}},"1":{"start":{"line":7,"column":10},"end":{"line":7,"column":41}},"2":{"start":{"line":10,"column":4},"end":{"line":12,"column":null}},"3":{"start":{"line":11,"column":6},"end":{"line":11,"column":39}},"4":{"start":{"line":13,"column":4},"end":{"line":13,"column":28}},"5":{"start":{"line":17,"column":4},"end":{"line":17,"column":26}},"6":{"start":{"line":19,"column":4},"end":{"line":19,"column":42}},"7":{"start":{"line":21,"column":4},"end":{"line":23,"column":7}},"8":{"start":{"line":22,"column":6},"end":{"line":22,"column":43}},"9":{"start":{"line":25,"column":4},"end":{"line":27,"column":7}},"10":{"start":{"line":26,"column":6},"end":{"line":26,"column":59}},"11":{"start":{"line":29,"column":4},"end":{"line":31,"column":7}},"12":{"start":{"line":30,"column":6},"end":{"line":30,"column":48}},"13":{"start":{"line":33,"column":4},"end":{"line":33,"column":27}},"14":{"start":{"line":37,"column":0},"end":{"line":37,"column":37}}},"fnMap":{"0":{"name":"(anonymous_1)","decl":{"start":{"line":5,"column":0},"end":{"line":5,"column":6}},"loc":{"start":{"line":5,"column":0},"end":{"line":35,"column":1}}},"1":{"name":"(anonymous_2)","decl":{"start":{"line":9,"column":9},"end":{"line":9,"column":15}},"loc":{"start":{"line":9,"column":27},"end":{"line":14,"column":3}}},"2":{"name":"(anonymous_3)","decl":{"start":{"line":16,"column":9},"end":{"line":16,"column":16}},"loc":{"start":{"line":16,"column":28},"end":{"line":34,"column":3}}},"3":{"name":"(anonymous_4)","decl":{"start":{"line":21,"column":36},"end":{"line":21,"column":39}},"loc":{"start":{"line":21,"column":41},"end":{"line":23,"column":5}}},"4":{"name":"(anonymous_5)","decl":{"start":{"line":25,"column":32},"end":{"line":25,"column":33}},"loc":{"start":{"line":25,"column":47},"end":{"line":27,"column":5}}},"5":{"name":"(anonymous_6)","decl":{"start":{"line":29,"column":32},"end":{"line":29,"column":35}},"loc":{"start":{"line":29,"column":37},"end":{"line":31,"column":5}}}},"branchMap":{"0":{"loc":{"start":{"line":10,"column":4},"end":{"line":12,"column":null}},"type":"if","locations":[{"start":{"line":10,"column":4},"end":{"line":12,"column":null}}]}},"s":{"0":1,"1":1,"2":1,"3":1,"4":1,"5":1,"6":1,"7":1,"8":0,"9":1,"10":0,"11":1,"12":0,"13":1,"14":1},"f":{"0":1,"1":1,"2":1,"3":0,"4":0,"5":0},"b":{"0":[1]}}
,"D:\\practice\\TYPESCRIPTS\\sample\\src\\v1\\helpers\\PasswordHelper.ts": {"path":"D:\\practice\\TYPESCRIPTS\\sample\\src\\v1\\helpers\\PasswordHelper.ts","statementMap":{"0":{"start":{"line":1,"column":0},"end":{"line":1,"column":28}},"1":{"start":{"line":19,"column":4},"end":{"line":32,"column":null}},"2":{"start":{"line":20,"column":24},"end":{"line":20,"column":82}},"3":{"start":{"line":21,"column":26},"end":{"line":21,"column":57}},"4":{"start":{"line":23,"column":6},"end":{"line":26,"column":8}},"5":{"start":{"line":28,"column":6},"end":{"line":31,"column":8}},"6":{"start":{"line":36,"column":4},"end":{"line":48,"column":null}},"7":{"start":{"line":37,"column":28},"end":{"line":37,"column":75}},"8":{"start":{"line":39,"column":6},"end":{"line":42,"column":8}},"9":{"start":{"line":44,"column":6},"end":{"line":47,"column":8}},"10":{"start":{"line":16,"column":26},"end":{"line":16,"column":74}},"11":{"start":{"line":15,"column":21},"end":{"line":15,"column":null}}},"fnMap":{"0":{"name":"(anonymous_8)","decl":{"start":{"line":18,"column":9},"end":{"line":18,"column":15}},"loc":{"start":{"line":18,"column":47},"end":{"line":33,"column":null}}},"1":{"name":"(anonymous_10)","decl":{"start":{"line":35,"column":9},"end":{"line":35,"column":15}},"loc":{"start":{"line":35,"column":70},"end":{"line":49,"column":null}}}},"branchMap":{"0":{"loc":{"start":{"line":16,"column":42},"end":{"line":16,"column":73}},"type":"binary-expr","locations":[{"start":{"line":16,"column":42},"end":{"line":16,"column":67}},{"start":{"line":16,"column":71},"end":{"line":16,"column":73}}]}},"s":{"0":1,"1":3,"2":3,"3":3,"4":3,"5":0,"6":2,"7":2,"8":2,"9":0,"10":1,"11":1},"f":{"0":3,"1":2},"b":{"0":[1,1]}}
,"D:\\practice\\TYPESCRIPTS\\sample\\src\\v1\\helpers\\TokenHelper.ts": {"path":"D:\\practice\\TYPESCRIPTS\\sample\\src\\v1\\helpers\\TokenHelper.ts","statementMap":{"0":{"start":{"line":1,"column":0},"end":{"line":1,"column":31}},"1":{"start":{"line":37,"column":4},"end":{"line":59,"column":6}},"2":{"start":{"line":63,"column":4},"end":{"line":89,"column":null}},"3":{"start":{"line":64,"column":6},"end":{"line":64,"column":21}},"4":{"start":{"line":66,"column":6},"end":{"line":71,"column":null}},"5":{"start":{"line":67,"column":8},"end":{"line":70,"column":10}},"6":{"start":{"line":73,"column":19},"end":{"line":73,"column":35}},"7":{"start":{"line":74,"column":33},"end":{"line":74,"column":44}},"8":{"start":{"line":75,"column":39},"end":{"line":78,"column":8}},"9":{"start":{"line":80,"column":6},"end":{"line":83,"column":8}},"10":{"start":{"line":85,"column":6},"end":{"line":88,"column":8}},"11":{"start":{"line":93,"column":4},"end":{"line":112,"column":null}},"12":{"start":{"line":94,"column":6},"end":{"line":99,"column":null}},"13":{"start":{"line":95,"column":8},"end":{"line":98,"column":10}},"14":{"start":{"line":101,"column":19},"end":{"line":101,"column":35}},"15":{"start":{"line":102,"column":19},"end":{"line":104,"column":8}},"16":{"start":{"line":106,"column":6},"end":{"line":106,"column":43}},"17":{"start":{"line":108,"column":6},"end":{"line":111,"column":8}},"18":{"start":{"line":33,"column":0},"end":{"line":33,"column":21}}},"fnMap":{"0":{"name":"(anonymous_8)","decl":{"start":{"line":36,"column":10},"end":{"line":36,"column":16}},"loc":{"start":{"line":36,"column":24},"end":{"line":60,"column":3}}},"1":{"name":"(anonymous_9)","decl":{"start":{"line":62,"column":9},"end":{"line":62,"column":15}},"loc":{"start":{"line":62,"column":70},"end":{"line":90,"column":3}}},"2":{"name":"(anonymous_10)","decl":{"start":{"line":92,"column":2},"end":{"line":92,"column":8}},"loc":{"start":{"line":92,"column":48},"end":{"line":113,"column":null}}}},"branchMap":{"0":{"loc":{"start":{"line":39,"column":16},"end":{"line":39,"column":53}},"type":"binary-expr","locations":[{"start":{"line":39,"column":16},"end":{"line":39,"column":47}},{"start":{"line":39,"column":51},"end":{"line":39,"column":53}}]},"1":{"loc":{"start":{"line":42,"column":21},"end":{"line":42,"column":62}},"type":"binary-expr","locations":[{"start":{"line":42,"column":21},"end":{"line":42,"column":56}},{"start":{"line":42,"column":60},"end":{"line":42,"column":62}}]},"2":{"loc":{"start":{"line":46,"column":16},"end":{"line":46,"column":54}},"type":"binary-expr","locations":[{"start":{"line":46,"column":16},"end":{"line":46,"column":48}},{"start":{"line":46,"column":52},"end":{"line":46,"column":54}}]},"3":{"loc":{"start":{"line":49,"column":21},"end":{"line":49,"column":63}},"type":"binary-expr","locations":[{"start":{"line":49,"column":21},"end":{"line":49,"column":57}},{"start":{"line":49,"column":61},"end":{"line":49,"column":63}}]},"4":{"loc":{"start":{"line":53,"column":16},"end":{"line":53,"column":52}},"type":"binary-expr","locations":[{"start":{"line":53,"column":16},"end":{"line":53,"column":46}},{"start":{"line":53,"column":50},"end":{"line":53,"column":52}}]},"5":{"loc":{"start":{"line":56,"column":21},"end":{"line":56,"column":61}},"type":"binary-expr","locations":[{"start":{"line":56,"column":21},"end":{"line":56,"column":55}},{"start":{"line":56,"column":59},"end":{"line":56,"column":61}}]},"6":{"loc":{"start":{"line":66,"column":6},"end":{"line":71,"column":null}},"type":"if","locations":[{"start":{"line":66,"column":6},"end":{"line":71,"column":null}}]},"7":{"loc":{"start":{"line":76,"column":19},"end":{"line":76,"column":52}},"type":"binary-expr","locations":[{"start":{"line":76,"column":19},"end":{"line":76,"column":41}},{"start":{"line":76,"column":45},"end":{"line":76,"column":52}}]},"8":{"loc":{"start":{"line":77,"column":19},"end":{"line":77,"column":55}},"type":"cond-expr","locations":[{"start":{"line":77,"column":19},"end":{"line":77,"column":29}},{"start":{"line":77,"column":33},"end":{"line":77,"column":55}}]},"9":{"loc":{"start":{"line":77,"column":19},"end":{"line":77,"column":33}},"type":"binary-expr","locations":[{"start":{"line":77,"column":19},"end":{"line":77,"column":33}},{"start":{"line":77,"column":19},"end":{"line":77,"column":33}}]},"10":{"loc":{"start":{"line":94,"column":6},"end":{"line":99,"column":null}},"type":"if","locations":[{"start":{"line":94,"column":6},"end":{"line":99,"column":null}}]}},"s":{"0":1,"1":3,"2":3,"3":3,"4":3,"5":0,"6":3,"7":3,"8":3,"9":3,"10":0,"11":2,"12":2,"13":0,"14":2,"15":2,"16":1,"17":1,"18":1},"f":{"0":3,"1":3,"2":2},"b":{"0":[3,0],"1":[3,0],"2":[3,0],"3":[3,0],"4":[3,3],"5":[3,0],"6":[0],"7":[3,0],"8":[1,2],"9":[3,3],"10":[0]}}
}
