TN:
SF:src\v1\core\MongoDB.ts
FN:5,(anonymous_1)
FN:9,(anonymous_2)
FN:16,(anonymous_3)
FN:21,(anonymous_4)
FN:25,(anonymous_5)
FN:29,(anonymous_6)
FNF:6
FNH:3
FNDA:1,(anonymous_1)
FNDA:1,(anonymous_2)
FNDA:1,(anonymous_3)
FNDA:0,(anonymous_4)
FNDA:0,(anonymous_5)
FNDA:0,(anonymous_6)
DA:1,1
DA:7,1
DA:10,1
DA:11,1
DA:13,1
DA:17,1
DA:19,1
DA:21,1
DA:22,0
DA:25,1
DA:26,0
DA:29,1
DA:30,0
DA:33,1
DA:37,1
LF:15
LH:12
BRDA:10,0,0,1
BRF:1
BRH:1
end_of_record
TN:
SF:src\v1\helpers\PasswordHelper.ts
FN:18,(anonymous_8)
FN:35,(anonymous_10)
FNF:2
FNH:2
FNDA:3,(anonymous_8)
FNDA:2,(anonymous_10)
DA:1,1
DA:15,1
DA:16,1
DA:19,3
DA:20,3
DA:21,3
DA:23,3
DA:28,0
DA:36,2
DA:37,2
DA:39,2
DA:44,0
LF:12
LH:10
BRDA:16,0,0,1
BRDA:16,0,1,1
BRF:2
BRH:2
end_of_record
TN:
SF:src\v1\helpers\TokenHelper.ts
FN:36,(anonymous_8)
FN:62,(anonymous_9)
FN:92,(anonymous_10)
FNF:3
FNH:3
FNDA:3,(anonymous_8)
FNDA:3,(anonymous_9)
FNDA:2,(anonymous_10)
DA:1,1
DA:33,1
DA:37,3
DA:63,3
DA:64,3
DA:66,3
DA:67,0
DA:73,3
DA:74,3
DA:75,3
DA:80,3
DA:85,0
DA:93,2
DA:94,2
DA:95,0
DA:101,2
DA:102,2
DA:106,1
DA:108,1
LF:19
LH:16
BRDA:39,0,0,3
BRDA:39,0,1,0
BRDA:42,1,0,3
BRDA:42,1,1,0
BRDA:46,2,0,3
BRDA:46,2,1,0
BRDA:49,3,0,3
BRDA:49,3,1,0
BRDA:53,4,0,3
BRDA:53,4,1,3
BRDA:56,5,0,3
BRDA:56,5,1,0
BRDA:66,6,0,0
BRDA:76,7,0,3
BRDA:76,7,1,0
BRDA:77,8,0,1
BRDA:77,8,1,2
BRDA:77,9,0,3
BRDA:77,9,1,3
BRDA:94,10,0,0
BRF:20
BRH:12
end_of_record
